<?xml version="1.0" encoding="UTF-8"?>
<!-- Generated by org.testng.reporters.JUnitXMLReporter -->
<testsuite ignored="0" hostname="LAPTOP-92OD1UN2" failures="6" tests="6" name="OpenCart Tests" time="16.888" errors="0" timestamp="2022-08-01T20:06:36 EDT">
  <testcase classname="testCases.TC_001_AccountRegistration" name="test_accout_Registration" time="0.007">
    <failure type="java.lang.Error" message="Unresolved compilation problem: 
	rb cannot be resolved
">
      <![CDATA[java.lang.Error: Unresolved compilation problem: 
rb cannot be resolved

at testCases.TC_001_AccountRegistration.test_accout_Registration(TC_001_AccountRegistration.java:20)
at java.base/java.util.ArrayList.forEach(ArrayList.java:1511)
... Removed 27 stack frames]]>
    </failure>
  </testcase> <!-- test_accout_Registration -->
  <testcase classname="testCases.TC_002_Login" name="test_Login" time="0.001">
    <failure type="java.lang.Error" message="Unresolved compilation problems: 
	rb cannot be resolved
	rb cannot be resolved
	rb cannot be resolved
">
      <![CDATA[java.lang.Error: Unresolved compilation problems: 
rb cannot be resolved
rb cannot be resolved
rb cannot be resolved

at testCases.TC_002_Login.test_Login(TC_002_Login.java:19)
at java.base/java.util.ArrayList.forEach(ArrayList.java:1511)
... Removed 27 stack frames]]>
    </failure>
  </testcase> <!-- test_Login -->
  <testcase classname="testCases.TC_003_LoginDDT" name="test_LoginDDT" time="0.002">
    <failure type="java.lang.Error" message="Unresolved compilation problem: 
	rb cannot be resolved
">
      <![CDATA[java.lang.Error: Unresolved compilation problem: 
rb cannot be resolved

at testCases.TC_003_LoginDDT.test_LoginDDT(TC_003_LoginDDT.java:26)
at java.base/java.util.ArrayList.forEach(ArrayList.java:1511)
... Removed 27 stack frames]]>
    </failure>
  </testcase> <!-- test_LoginDDT -->
  <testcase classname="testCases.TC_003_LoginDDT" name="test_LoginDDT" time="0.003">
    <failure type="java.lang.Error" message="Unresolved compilation problem: 
	rb cannot be resolved
">
      <![CDATA[java.lang.Error: Unresolved compilation problem: 
rb cannot be resolved

at testCases.TC_003_LoginDDT.test_LoginDDT(TC_003_LoginDDT.java:26)
at java.base/java.util.ArrayList.forEach(ArrayList.java:1511)
... Removed 27 stack frames]]>
    </failure>
  </testcase> <!-- test_LoginDDT -->
  <testcase classname="testCases.TC_003_LoginDDT" name="test_LoginDDT" time="0.008">
    <failure type="java.lang.Error" message="Unresolved compilation problem: 
	rb cannot be resolved
">
      <![CDATA[java.lang.Error: Unresolved compilation problem: 
rb cannot be resolved

at testCases.TC_003_LoginDDT.test_LoginDDT(TC_003_LoginDDT.java:26)
at java.base/java.util.ArrayList.forEach(ArrayList.java:1511)
... Removed 27 stack frames]]>
    </failure>
  </testcase> <!-- test_LoginDDT -->
  <testcase classname="testCases.TC_003_LoginDDT" name="test_LoginDDT" time="0.008">
    <failure type="java.lang.Error" message="Unresolved compilation problem: 
	rb cannot be resolved
">
      <![CDATA[java.lang.Error: Unresolved compilation problem: 
rb cannot be resolved

at testCases.TC_003_LoginDDT.test_LoginDDT(TC_003_LoginDDT.java:26)
at java.base/java.util.ArrayList.forEach(ArrayList.java:1511)
... Removed 27 stack frames]]>
    </failure>
  </testcase> <!-- test_LoginDDT -->
</testsuite> <!-- OpenCart Tests -->
